<?xml version="1.0" encoding="utf-8"?><testsuites name="pytest tests"><testsuite name="pytest" errors="0" failures="0" skipped="0" tests="11" time="2.737" timestamp="2026-08-13T12:49:31.450638+00:00" hostname="agent-env-9e1f9a2f-b8b7-42e8-94a9-c8da3d2ddce2"><testcase classname="backend.tests.test_iter29_extrapolation_homecourse_geosort.TestExtrapolatedAverages" name="test_user_profile_avg_score_extrapolated" time="0.579" /><testcase classname="backend.tests.test_iter29_extrapolation_homecourse_geosort.TestExtrapolatedAverages" name="test_courses_played_pebble_beach_extrapolated" time="0.057" /><testcase classname="backend.tests.test_iter29_extrapolation_homecourse_geosort.TestHomeCourse" name="test_set_home_course" time="0.105" /><testcase classname="backend.tests.test_iter29_extrapolation_homecourse_geosort.TestHomeCourse" name="test_discover_courses_shows_home_course_row" time="0.986" /><testcase classname="backend.tests.test_iter29_extrapolation_homecourse_geosort.TestHomeCourse" name="test_clear_home_course" time="0.104" /><testcase classname="backend.tests.test_iter29_extrapolation_homecourse_geosort.TestLocationFirstSort" name="test_discover_courses_no_location_no_crash" time="0.060" /><testcase classname="backend.tests.test_iter29_extrapolation_homecourse_geosort.TestLocationFirstSort" name="test_courses_search_no_location_no_crash" time="0.411" /><testcase classname="backend.tests.test_iter29_extrapolation_homecourse_geosort.TestLocationFirstSort" name="test_discover_courses_with_location_nearest_first" time="0.067" /><testcase classname="backend.tests.test_iter29_extrapolation_homecourse_geosort.TestLocationFirstSort" name="test_courses_search_with_location_nearest_first" time="0.062" /><testcase classname="backend.tests.test_iter29_extrapolation_homecourse_geosort.TestRegression" name="test_wishlist_add_and_check" time="0.172" /><testcase classname="backend.tests.test_iter29_extrapolation_homecourse_geosort.TestRegression" name="test_course_detail_still_works" time="0.056" /></testsuite></testsuites>