<?xml version="1.0" encoding="utf-8"?><testsuites name="pytest tests"><testsuite name="pytest" errors="0" failures="2" skipped="1" tests="16" time="5.039" timestamp="2026-07-07T15:05:46.079896+00:00" hostname="agent-env-b817c040-4312-4d9c-9534-fade4d11af2f"><testcase classname="tests.test_iter13_admin_bootstrap_purge.TestAdminBootstrap" name="test_bootstrap_happy_path_creates_admin" time="0.928" /><testcase classname="tests.test_iter13_admin_bootstrap_purge.TestAdminBootstrap" name="test_bootstrap_idempotent" time="0.397" /><testcase classname="tests.test_iter13_admin_bootstrap_purge.TestAdminBootstrap" name="test_bootstrap_short_password_skipped" time="0.153" /><testcase classname="tests.test_iter13_admin_bootstrap_purge.TestAdminBootstrap" name="test_bootstrap_adds_email_to_admin_emails_set" time="0.383" /><testcase classname="tests.test_iter13_admin_bootstrap_purge.TestAdminBootstrap" name="test_bootstrap_no_env_no_effect" time="0.154" /><testcase classname="tests.test_iter13_admin_bootstrap_purge.TestSec001BootGuard" name="test_prod_with_demo_seed_refuses" time="0.395" /><testcase classname="tests.test_iter13_admin_bootstrap_purge.TestSec001BootGuard" name="test_prod_with_demo_admin_email_refuses" time="0.393" /><testcase classname="tests.test_iter13_admin_bootstrap_purge.TestPurgeAuthz" name="test_unauthenticated_401" time="0.004" /><testcase classname="tests.test_iter13_admin_bootstrap_purge.TestPurgeAuthz" name="test_non_admin_403" time="0.253" /><testcase classname="tests.test_iter13_admin_bootstrap_purge.TestPurgeAuthz" name="test_empty_domains_400" time="0.234"><failure message="AssertionError: Spec says empty domains must 400, got 200: {&quot;ok&quot;:true,&quot;domains&quot;:[&quot;teebox.demo&quot;],&quot;matched_users&quot;:3,&quot;matched_emails&quot;:[&quot;reese@teebox.demo&quot;,&quot;jordan@teebox.demo&quot;,&quot;sam@teebox.demo&quot;],&quot;dry_run&quot;:true,&quot;rounds&quot;:0,&quot;likes&quot;:0,&quot;comments&quot;:0,&quot;follows_from&quot;:0,&quot;follows_to&quot;:0,&quot;notifications&quot;:0,&quot;refresh_tokens&quot;:2,&quot;wishlists&quot;:0,&quot;reviews&quot;:0,&quot;submitted_courses&quot;:0}. Server bug: `data.domains or ['teebox.demo']` treats [] as falsy and defaults to teebox.demo domain.&#10;assert 200 == 400&#10; +  where 200 = &lt;Response [200]&gt;.status_code">E   AssertionError: Spec says empty domains must 400, got 200: {"ok":true,"domains":["teebox.demo"],"matched_users":3,"matched_emails":["reese@teebox.demo","jordan@teebox.demo","sam@teebox.demo"],"dry_run":true,"rounds":0,"likes":0,"comments":0,"follows_from":0,"follows_to":0,"notifications":0,"refresh_tokens":2,"wishlists":0,"reviews":0,"submitted_courses":0}. Server bug: `data.domains or ['teebox.demo']` treats [] as falsy and defaults to teebox.demo domain.
    assert 200 == 400
     +  where 200 = &lt;Response [200]&gt;.status_code</failure></testcase><testcase classname="tests.test_iter13_admin_bootstrap_purge.TestPurgeDryRun" name="test_dry_run_reports_but_deletes_nothing" time="0.234" /><testcase classname="tests.test_iter13_admin_bootstrap_purge.TestPurgeDryRun" name="test_dry_run_custom_domain_no_match" time="0.004" /><testcase classname="tests.test_iter13_admin_bootstrap_purge.TestPurgeCascadeFields" name="test_follows_and_reviews_are_actually_deleted" time="0.021"><failure message="AssertionError: BUG: purge did not delete jordan's outgoing follow. Server code queries `follower_id` but follows_col uses `user_id` as the follower field.&#10;assert {'_id': ObjectId('6a4d15cd1697b376e9af240d'), 'id': '7dc951e9-62ca-4abb-83f0-964ae3682fdb', 'user_id': '47c050fd-7556-44df-abf7-f567e3473cbe', 'target_id': '555a94fe-71cf-4b5e-a980-f36add37f49e', ...} is None">E   AssertionError: BUG: purge did not delete jordan's outgoing follow. Server code queries `follower_id` but follows_col uses `user_id` as the follower field.
    assert {'_id': ObjectId('6a4d15cd1697b376e9af240d'), 'id': '7dc951e9-62ca-4abb-83f0-964ae3682fdb', 'user_id': '47c050fd-7556-44df-abf7-f567e3473cbe', 'target_id': '555a94fe-71cf-4b5e-a980-f36add37f49e', ...} is None</failure></testcase><testcase classname="tests.test_iter13_admin_bootstrap_purge.TestPurgeHappyPath" name="test_purge_deletes_demo_users_and_artefacts" time="0.003"><skipped type="pytest.skip" message="dry_run pre-check failed (probably purge already ran): {&quot;detail&quot;:&quot;User not found&quot;}">/app/backend/tests/test_iter13_admin_bootstrap_purge.py:359: dry_run pre-check failed (probably purge already ran): {"detail":"User not found"}</skipped></testcase><testcase classname="tests.test_iter13_admin_bootstrap_purge.TestPurgeHappyPath" name="test_purge_idempotent_second_call_zero_matches" time="0.003" /><testcase classname="tests.test_iter13_admin_bootstrap_purge.TestZzzRestore" name="test_reseed_demo_users" time="1.396" /></testsuite></testsuites>