<?xml version="1.0" encoding="utf-8"?><testsuites name="pytest tests"><testsuite name="pytest" errors="0" failures="0" skipped="1" tests="9" time="3.147" timestamp="2026-07-05T00:26:38.309560+00:00" hostname="agent-env-b817c040-4312-4d9c-9534-fade4d11af2f"><testcase classname="backend.tests.test_iter3" name="test_course_catalog_seeded_with_famous_courses" time="0.564" /><testcase classname="backend.tests.test_iter3" name="test_discover_courses_shape_and_played_first" time="0.221" /><testcase classname="backend.tests.test_iter3" name="test_course_detail_avg_rating_null_and_rounded" time="0.769" /><testcase classname="backend.tests.test_iter3" name="test_review_rating_fractional_and_rounding" time="0.195" /><testcase classname="backend.tests.test_iter3" name="test_review_rating_out_of_range_rejected" time="0.252" /><testcase classname="backend.tests.test_iter3" name="test_review_list_includes_handicap" time="0.199" /><testcase classname="backend.tests.test_iter3" name="test_osm_import_bad_bbox_returns_400" time="0.096" /><testcase classname="backend.tests.test_iter3" name="test_osm_import_requires_auth" time="0.102" /><testcase classname="backend.tests.test_iter3" name="test_osm_import_live_call" time="0.665"><skipped type="pytest.skip" message="Overpass API unreachable from backend — endpoint correctly returned 502">/app/backend/tests/test_iter3.py:157: Overpass API unreachable from backend — endpoint correctly returned 502</skipped></testcase></testsuite></testsuites>