<?xml version="1.0" encoding="utf-8"?><testsuites name="pytest tests"><testsuite name="pytest" errors="0" failures="0" skipped="0" tests="10" time="3.008" timestamp="2026-07-08T12:06:12.463044+00:00" hostname="agent-env-b817c040-4312-4d9c-9534-fade4d11af2f"><testcase classname="backend.tests.test_log_round_and_achievements.TestAuthSanity" name="test_jordan_login" time="0.496" /><testcase classname="backend.tests.test_log_round_and_achievements.TestAuthSanity" name="test_sam_login" time="0.450" /><testcase classname="backend.tests.test_log_round_and_achievements.TestRoundsPost" name="test_create_9_hole_round" time="0.141" /><testcase classname="backend.tests.test_log_round_and_achievements.TestRoundsPost" name="test_create_18_hole_round" time="0.102" /><testcase classname="backend.tests.test_log_round_and_achievements.TestAchievements" name="test_achievement_keys_present" time="0.103" /><testcase classname="backend.tests.test_log_round_and_achievements.TestAchievements" name="test_sub_100_description_mentions_18_hole" time="0.108" /><testcase classname="backend.tests.test_log_round_and_achievements.TestAchievements" name="test_9_hole_user_earns_sub_50_9_but_not_sub_100" time="0.208" /><testcase classname="backend.tests.test_log_round_and_achievements.TestAchievements" name="test_only_9_hole_rounds_do_not_award_18_hole_badges" time="0.612" /><testcase classname="backend.tests.test_log_round_and_achievements.TestAchievements" name="test_great_18_hole_round_does_not_award_9_hole_badges" time="0.611" /><testcase classname="backend.tests.test_log_round_and_achievements.TestMentionSearch" name="test_discover_users_query_sa" time="0.103" /></testsuite></testsuites>