<?xml version="1.0" encoding="utf-8"?><testsuites name="pytest tests"><testsuite name="pytest" errors="0" failures="0" skipped="1" tests="18" time="5.046" timestamp="2026-07-07T15:10:56.430509+00:00" hostname="agent-env-b817c040-4312-4d9c-9534-fade4d11af2f"><testcase classname="tests.test_iter13_admin_bootstrap_purge.TestAdminBootstrap" name="test_bootstrap_happy_path_creates_admin" time="0.914" /><testcase classname="tests.test_iter13_admin_bootstrap_purge.TestAdminBootstrap" name="test_bootstrap_idempotent" time="0.396" /><testcase classname="tests.test_iter13_admin_bootstrap_purge.TestAdminBootstrap" name="test_bootstrap_short_password_skipped" time="0.155" /><testcase classname="tests.test_iter13_admin_bootstrap_purge.TestAdminBootstrap" name="test_bootstrap_adds_email_to_admin_emails_set" time="0.388" /><testcase classname="tests.test_iter13_admin_bootstrap_purge.TestAdminBootstrap" name="test_bootstrap_no_env_no_effect" time="0.153" /><testcase classname="tests.test_iter13_admin_bootstrap_purge.TestSec001BootGuard" name="test_prod_with_demo_seed_refuses" time="0.393" /><testcase classname="tests.test_iter13_admin_bootstrap_purge.TestSec001BootGuard" name="test_prod_with_demo_admin_email_refuses" time="0.396" /><testcase classname="tests.test_iter13_admin_bootstrap_purge.TestPurgeAuthz" name="test_unauthenticated_401" time="0.004" /><testcase classname="tests.test_iter13_admin_bootstrap_purge.TestPurgeAuthz" name="test_non_admin_403" time="0.253" /><testcase classname="tests.test_iter13_admin_bootstrap_purge.TestPurgeAuthz" name="test_empty_domains_400" time="0.229" /><testcase classname="tests.test_iter13_admin_bootstrap_purge.TestPurgeAuthz" name="test_null_domains_defaults_to_teebox_demo" time="0.009" /><testcase classname="tests.test_iter13_admin_bootstrap_purge.TestPurgeAuthz" name="test_omitted_domains_defaults_to_teebox_demo" time="0.008" /><testcase classname="tests.test_iter13_admin_bootstrap_purge.TestPurgeDryRun" name="test_dry_run_reports_but_deletes_nothing" time="0.234" /><testcase classname="tests.test_iter13_admin_bootstrap_purge.TestPurgeDryRun" name="test_dry_run_custom_domain_no_match" time="0.003" /><testcase classname="tests.test_iter13_admin_bootstrap_purge.TestPurgeCascadeFields" name="test_follows_and_reviews_are_actually_deleted" time="0.020" /><testcase classname="tests.test_iter13_admin_bootstrap_purge.TestPurgeHappyPath" name="test_purge_deletes_demo_users_and_artefacts" time="0.003"><skipped type="pytest.skip" message="dry_run pre-check failed (probably purge already ran): {&quot;detail&quot;:&quot;User not found&quot;}">/app/backend/tests/test_iter13_admin_bootstrap_purge.py:396: dry_run pre-check failed (probably purge already ran): {"detail":"User not found"}</skipped></testcase><testcase classname="tests.test_iter13_admin_bootstrap_purge.TestPurgeHappyPath" name="test_purge_idempotent_second_call_zero_matches" time="0.003" /><testcase classname="tests.test_iter13_admin_bootstrap_purge.TestZzzRestore" name="test_reseed_demo_users" time="1.396" /></testsuite></testsuites>