<?xml version="1.0" encoding="utf-8"?><testsuites name="pytest tests"><testsuite name="pytest" errors="0" failures="0" skipped="0" tests="11" time="4.863" timestamp="2026-08-12T13:06:26.922064+00:00" hostname="agent-env-9e1f9a2f-b8b7-42e8-94a9-c8da3d2ddce2"><testcase classname="backend.tests.test_iter27_opengolfapi_integration.TestDiscoverCoursesNationwide" name="test_bandon_dunes_no_duplicates" time="0.724" /><testcase classname="backend.tests.test_iter27_opengolfapi_integration.TestDiscoverCoursesNationwide" name="test_pebble_beach_returns_results_with_source" time="0.163" /><testcase classname="backend.tests.test_iter27_opengolfapi_integration.TestDiscoverCoursesNationwide" name="test_empty_query_returns_local_only" time="0.053" /><testcase classname="backend.tests.test_iter27_opengolfapi_integration.TestDiscoverCoursesNationwide" name="test_nonsense_query_graceful" time="1.034" /><testcase classname="backend.tests.test_iter27_opengolfapi_integration.TestDiscoverCoursesNearby" name="test_pebble_beach_area_nearby" time="0.058" /><testcase classname="backend.tests.test_iter27_opengolfapi_integration.TestDiscoverCoursesNearby" name="test_invalid_lat_rejected" time="0.047" /><testcase classname="backend.tests.test_iter27_opengolfapi_integration.TestCourseSearchPicker" name="test_search_sparse_local_nationwide_fallback" time="0.243" /><testcase classname="backend.tests.test_iter27_opengolfapi_integration.TestCourseSearchPicker" name="test_search_empty_query" time="0.048" /><testcase classname="backend.tests.test_iter27_opengolfapi_integration.TestCourseDetailFactSheet" name="test_bandon_dunes_golf_resort_enriched" time="1.199" /><testcase classname="backend.tests.test_iter27_opengolfapi_integration.TestCourseDetailFactSheet" name="test_pebble_beach_golf_links_enriched" time="1.184" /><testcase classname="backend.tests.test_iter27_opengolfapi_integration.TestCourseDetailFactSheet" name="test_course_without_opengolf_match_graceful" time="0.045" /></testsuite></testsuites>