<?xml version="1.0" encoding="utf-8"?><testsuites name="pytest tests"><testsuite name="pytest" errors="0" failures="2" skipped="0" tests="28" time="3.491" timestamp="2026-07-05T00:37:50.719087+00:00" hostname="agent-env-b817c040-4312-4d9c-9534-fade4d11af2f"><testcase classname="backend.tests.test_security_audit.TestSEC001" name="test_placeholder_secret_raises" time="0.255" /><testcase classname="backend.tests.test_security_audit.TestSEC001" name="test_short_secret_raises" time="0.002" /><testcase classname="backend.tests.test_security_audit.TestSEC001" name="test_strong_secret_login_still_works" time="0.496" /><testcase classname="backend.tests.test_security_audit.TestSEC002" name="test_me_may_contain_email" time="0.323" /><testcase classname="backend.tests.test_security_audit.TestSEC002" name="test_other_user_profile_no_email" time="0.111" /><testcase classname="backend.tests.test_security_audit.TestSEC002" name="test_feed_authors_no_email" time="0.066" /><testcase classname="backend.tests.test_security_audit.TestSEC002" name="test_round_and_comments_no_email" time="0.211" /><testcase classname="backend.tests.test_security_audit.TestSEC002" name="test_course_reviews_no_email" time="0.107" /><testcase classname="backend.tests.test_security_audit.TestSEC003" name="test_photos_truncated_to_3" time="0.162" /><testcase classname="backend.tests.test_security_audit.TestSEC003" name="test_oversized_photo_413" time="0.405" /><testcase classname="backend.tests.test_security_audit.TestSEC003" name="test_non_image_data_uri_415" time="0.044" /><testcase classname="backend.tests.test_security_audit.TestSEC003" name="test_normal_photo_ok" time="0.095" /><testcase classname="backend.tests.test_security_audit.TestSEC003" name="test_oversized_avatar_413" time="0.067" /><testcase classname="backend.tests.test_security_audit.TestSEC004" name="test_regex_meta_users_literal" time="0.044" /><testcase classname="backend.tests.test_security_audit.TestSEC004" name="test_regex_meta_courses_literal" time="0.047" /><testcase classname="backend.tests.test_security_audit.TestSEC004" name="test_dollar_signs_no_crash" time="0.043" /><testcase classname="backend.tests.test_security_audit.TestSEC004" name="test_long_query_ok" time="0.057" /><testcase classname="backend.tests.test_security_audit.TestSEC004" name="test_normal_search_still_works" time="0.045" /><testcase classname="backend.tests.test_security_audit.TestSEC005" name="test_seed_when_enabled_idempotent" time="0.047" /><testcase classname="backend.tests.test_security_audit.TestRegressions" name="test_register_and_login" time="0.048"><failure message="assert 422 == 200&#10; +  where 422 = &lt;Response [422]&gt;.status_code">backend/tests/test_security_audit.py:245: in test_register_and_login
    assert r.status_code == 200
E   assert 422 == 200
E    +  where 422 = &lt;Response [422]&gt;.status_code</failure></testcase><testcase classname="backend.tests.test_security_audit.TestRegressions" name="test_feed_followers" time="0.055" /><testcase classname="backend.tests.test_security_audit.TestRegressions" name="test_round_lifecycle_and_like" time="0.193" /><testcase classname="backend.tests.test_security_audit.TestRegressions" name="test_comment_with_mentions" time="0.100" /><testcase classname="backend.tests.test_security_audit.TestRegressions" name="test_follow_toggle" time="0.142" /><testcase classname="backend.tests.test_security_audit.TestRegressions" name="test_achievements" time="0.049" /><testcase classname="backend.tests.test_security_audit.TestRegressions" name="test_course_info" time="0.045" /><testcase classname="backend.tests.test_security_audit.TestRegressions" name="test_review_rating_rounding_quarter" time="0.049"><failure message="assert 4.75 == 4.5">backend/tests/test_security_audit.py:310: in test_review_rating_rounding_quarter
    assert r.json()["rating"] == 4.5
E   assert 4.75 == 4.5</failure></testcase><testcase classname="backend.tests.test_security_audit.TestRegressions" name="test_osm_bad_bbox_400" time="0.045" /></testsuite></testsuites>