<?xml version="1.0" encoding="utf-8"?><testsuites name="pytest tests"><testsuite name="pytest" errors="0" failures="0" skipped="0" tests="18" time="5.870" timestamp="2026-08-17T14:14:33.643449+00:00" hostname="agent-env-9e1f9a2f-b8b7-42e8-94a9-c8da3d2ddce2"><testcase classname="backend.tests.test_iter31_lfg_notif_achievements.TestAuth" name="test_login_reese" time="1.227" /><testcase classname="backend.tests.test_iter31_lfg_notif_achievements.TestAuth" name="test_me_returns_reese" time="0.149" /><testcase classname="backend.tests.test_iter31_lfg_notif_achievements.TestAchievements" name="test_achievements_ok_for_reese" time="0.346" /><testcase classname="backend.tests.test_iter31_lfg_notif_achievements.TestAchievements" name="test_achievements_ok_after_lfg_post" time="0.494" /><testcase classname="backend.tests.test_iter31_lfg_notif_achievements.TestNotifications" name="test_list_notifications_ok" time="0.142" /><testcase classname="backend.tests.test_iter31_lfg_notif_achievements.TestNotifications" name="test_mark_notif_read_no_row_is_still_ok" time="0.133" /><testcase classname="backend.tests.test_iter31_lfg_notif_achievements.TestLfgFlow" name="test_1_reese_creates_lfg_post" time="0.181" /><testcase classname="backend.tests.test_iter31_lfg_notif_achievements.TestLfgFlow" name="test_2_owner_cannot_join_own" time="0.138" /><testcase classname="backend.tests.test_iter31_lfg_notif_achievements.TestLfgFlow" name="test_3_second_user_expresses_interest" time="0.689" /><testcase classname="backend.tests.test_iter31_lfg_notif_achievements.TestLfgFlow" name="test_4_second_join_toggle_withdraws" time="0.138" /><testcase classname="backend.tests.test_iter31_lfg_notif_achievements.TestLfgFlow" name="test_5_resend_interest_then_check_poster_can_list" time="0.444" /><testcase classname="backend.tests.test_iter31_lfg_notif_achievements.TestLfgFlow" name="test_6_poster_receives_lfg_interest_notification" time="0.144" /><testcase classname="backend.tests.test_iter31_lfg_notif_achievements.TestLfgFlow" name="test_7_poster_accepts_request" time="0.143" /><testcase classname="backend.tests.test_iter31_lfg_notif_achievements.TestLfgFlow" name="test_8_requester_gets_lfg_response_notification" time="0.148" /><testcase classname="backend.tests.test_iter31_lfg_notif_achievements.TestLfgFlow" name="test_9_accepted_user_cannot_re_join" time="0.138" /><testcase classname="backend.tests.test_iter31_lfg_notif_achievements.TestLfgFlow" name="test_10_feed_reflects_lfg_counts" time="0.184" /><testcase classname="backend.tests.test_iter31_lfg_notif_achievements.TestLfgFlow" name="test_11_decline_flow_with_third_user" time="0.810" /><testcase classname="backend.tests.test_iter31_lfg_notif_achievements.TestLfgFlow" name="test_12_cleanup_delete_lfg_post" time="0.125" /></testsuite></testsuites>