<?xml version="1.0" encoding="utf-8"?><testsuites name="pytest tests"><testsuite name="pytest" errors="0" failures="0" skipped="3" tests="11" time="396.639" timestamp="2026-07-05T19:27:42.609516+00:00" hostname="agent-env-b817c040-4312-4d9c-9534-fade4d11af2f"><testcase classname="backend.tests.test_iter7_ratelimit_proxy" name="test_login_rate_limit_trips_with_cf_connecting_ip[origin-http://localhost:8001]" time="3.028" /><testcase classname="backend.tests.test_iter7_ratelimit_proxy" name="test_login_rate_limit_trips_with_cf_connecting_ip[public-https://course-crew-3.preview.emergentagent.com]" time="0.000"><skipped type="pytest.skip" message="Cloudflare rejects client-supplied cf-connecting-ip (error 1000); tested at origin.">/app/backend/tests/test_iter7_ratelimit_proxy.py:95: Cloudflare rejects client-supplied cf-connecting-ip (error 1000); tested at origin.</skipped></testcase><testcase classname="backend.tests.test_iter7_ratelimit_proxy" name="test_login_different_ip_starts_fresh_bucket[origin-http://localhost:8001]" time="0.017" /><testcase classname="backend.tests.test_iter7_ratelimit_proxy" name="test_login_different_ip_starts_fresh_bucket[public-https://course-crew-3.preview.emergentagent.com]" time="0.000"><skipped type="pytest.skip" message="Cloudflare rejects client-supplied cf-connecting-ip.">/app/backend/tests/test_iter7_ratelimit_proxy.py:116: Cloudflare rejects client-supplied cf-connecting-ip.</skipped></testcase><testcase classname="backend.tests.test_iter7_ratelimit_proxy" name="test_register_rate_limit_trips_with_cf_connecting_ip[origin-http://localhost:8001]" time="66.153" /><testcase classname="backend.tests.test_iter7_ratelimit_proxy" name="test_register_rate_limit_trips_with_cf_connecting_ip[public-https://course-crew-3.preview.emergentagent.com]" time="0.000"><skipped type="pytest.skip" message="Cloudflare rejects client-supplied cf-connecting-ip.">/app/backend/tests/test_iter7_ratelimit_proxy.py:135: Cloudflare rejects client-supplied cf-connecting-ip.</skipped></testcase><testcase classname="backend.tests.test_iter7_ratelimit_proxy" name="test_login_rate_limit_trips_with_xff_only[origin-http://localhost:8001]" time="65.021" /><testcase classname="backend.tests.test_iter7_ratelimit_proxy" name="test_login_rate_limit_trips_with_xff_only[public-https://course-crew-3.preview.emergentagent.com]" time="66.541" /><testcase classname="backend.tests.test_iter7_ratelimit_proxy" name="test_refresh_rotation_reuse_detection" time="65.234" /><testcase classname="backend.tests.test_iter7_ratelimit_proxy" name="test_logout_and_wishlist_crud" time="65.237" /><testcase classname="backend.tests.test_iter7_ratelimit_proxy" name="test_feed_and_courses_regression" time="65.263" /></testsuite></testsuites>