<?xml version="1.0" encoding="utf-8"?><testsuites name="pytest tests"><testsuite name="pytest" errors="6" failures="0" skipped="0" tests="18" time="129.942" timestamp="2026-07-05T19:17:25.665261+00:00" hostname="agent-env-b817c040-4312-4d9c-9534-fade4d11af2f"><testcase classname="backend.tests.test_iter6_auth_wishlist.TestAccessToken" name="test_login_returns_pair" time="0.464" /><testcase classname="backend.tests.test_iter6_auth_wishlist.TestAccessToken" name="test_access_token_has_type_access" time="0.003" /><testcase classname="backend.tests.test_iter6_auth_wishlist.TestAccessToken" name="test_me_works_with_access_token" time="0.068" /><testcase classname="backend.tests.test_iter6_auth_wishlist.TestAccessToken" name="test_refresh_token_rejected_as_access" time="0.055" /><testcase classname="backend.tests.test_iter6_auth_wishlist.TestAccessToken" name="test_legacy_no_type_still_accepted" time="0.058" /><testcase classname="backend.tests.test_iter6_auth_wishlist.TestRefreshFlow" name="test_refresh_returns_fresh_pair_and_old_rejected" time="0.487" /><testcase classname="backend.tests.test_iter6_auth_wishlist.TestRefreshFlow" name="test_refresh_invalid_token" time="0.121" /><testcase classname="backend.tests.test_iter6_auth_wishlist.TestRefreshFlow" name="test_logout_revokes_refresh" time="0.402" /><testcase classname="backend.tests.test_iter6_auth_wishlist.TestRateLimit" name="test_login_rate_limited" time="63.214" /><testcase classname="backend.tests.test_iter6_auth_wishlist.TestRateLimit" name="test_register_rate_limited" time="64.008" /><testcase classname="backend.tests.test_iter6_auth_wishlist.TestRateLimit" name="test_feed_not_rate_limited" time="0.837" /><testcase classname="backend.tests.test_iter6_auth_wishlist.TestWishlist" name="test_add_and_check" time="0.050"><error message="failed on setup with &quot;AssertionError: {&quot;error&quot;:&quot;Rate limit exceeded: 5 per 1 minute&quot;}&#10;assert 429 == 200&#10; +  where 429 = &lt;Response [429]&gt;.status_code&quot;">backend/tests/test_iter6_auth_wishlist.py:182: in fresh_user
    assert r.status_code == 200, r.text
E   AssertionError: {"error":"Rate limit exceeded: 5 per 1 minute"}
E   assert 429 == 200
E    +  where 429 = &lt;Response [429]&gt;.status_code</error></testcase><testcase classname="backend.tests.test_iter6_auth_wishlist.TestWishlist" name="test_duplicate_returns_added_false" time="0.000"><error message="failed on setup with &quot;AssertionError: {&quot;error&quot;:&quot;Rate limit exceeded: 5 per 1 minute&quot;}&#10;assert 429 == 200&#10; +  where 429 = &lt;Response [429]&gt;.status_code&quot;">backend/tests/test_iter6_auth_wishlist.py:182: in fresh_user
    assert r.status_code == 200, r.text
E   AssertionError: {"error":"Rate limit exceeded: 5 per 1 minute"}
E   assert 429 == 200
E    +  where 429 = &lt;Response [429]&gt;.status_code</error></testcase><testcase classname="backend.tests.test_iter6_auth_wishlist.TestWishlist" name="test_get_own_wishlist_enriched_and_ordered" time="0.000"><error message="failed on setup with &quot;AssertionError: {&quot;error&quot;:&quot;Rate limit exceeded: 5 per 1 minute&quot;}&#10;assert 429 == 200&#10; +  where 429 = &lt;Response [429]&gt;.status_code&quot;">backend/tests/test_iter6_auth_wishlist.py:182: in fresh_user
    assert r.status_code == 200, r.text
E   AssertionError: {"error":"Rate limit exceeded: 5 per 1 minute"}
E   assert 429 == 200
E    +  where 429 = &lt;Response [429]&gt;.status_code</error></testcase><testcase classname="backend.tests.test_iter6_auth_wishlist.TestWishlist" name="test_wishlist_count_on_user" time="0.000"><error message="failed on setup with &quot;AssertionError: {&quot;error&quot;:&quot;Rate limit exceeded: 5 per 1 minute&quot;}&#10;assert 429 == 200&#10; +  where 429 = &lt;Response [429]&gt;.status_code&quot;">backend/tests/test_iter6_auth_wishlist.py:182: in fresh_user
    assert r.status_code == 200, r.text
E   AssertionError: {"error":"Rate limit exceeded: 5 per 1 minute"}
E   assert 429 == 200
E    +  where 429 = &lt;Response [429]&gt;.status_code</error></testcase><testcase classname="backend.tests.test_iter6_auth_wishlist.TestWishlist" name="test_cross_user_readonly" time="0.000"><error message="failed on setup with &quot;AssertionError: {&quot;error&quot;:&quot;Rate limit exceeded: 5 per 1 minute&quot;}&#10;assert 429 == 200&#10; +  where 429 = &lt;Response [429]&gt;.status_code&quot;">backend/tests/test_iter6_auth_wishlist.py:182: in fresh_user
    assert r.status_code == 200, r.text
E   AssertionError: {"error":"Rate limit exceeded: 5 per 1 minute"}
E   assert 429 == 200
E    +  where 429 = &lt;Response [429]&gt;.status_code</error></testcase><testcase classname="backend.tests.test_iter6_auth_wishlist.TestWishlist" name="test_delete_removes" time="0.000"><error message="failed on setup with &quot;AssertionError: {&quot;error&quot;:&quot;Rate limit exceeded: 5 per 1 minute&quot;}&#10;assert 429 == 200&#10; +  where 429 = &lt;Response [429]&gt;.status_code&quot;">backend/tests/test_iter6_auth_wishlist.py:182: in fresh_user
    assert r.status_code == 200, r.text
E   AssertionError: {"error":"Rate limit exceeded: 5 per 1 minute"}
E   assert 429 == 200
E    +  where 429 = &lt;Response [429]&gt;.status_code</error></testcase><testcase classname="backend.tests.test_iter6_auth_wishlist.TestWishlist" name="test_wishlist_requires_auth" time="0.041" /></testsuite></testsuites>