<?xml version="1.0" encoding="utf-8"?><testsuites name="pytest tests"><testsuite name="pytest" errors="0" failures="0" skipped="0" tests="18" time="77.436" timestamp="2026-07-08T13:54:54.177858+00:00" hostname="agent-env-b817c040-4312-4d9c-9534-fade4d11af2f"><testcase classname="tests.test_iter21_refactor_and_prefs.TestRefactorSmoke" name="test_root" time="0.197" /><testcase classname="tests.test_iter21_refactor_and_prefs.TestRefactorSmoke" name="test_auth_me" time="0.421" /><testcase classname="tests.test_iter21_refactor_and_prefs.TestRefactorSmoke" name="test_auth_refresh_and_logout" time="0.533" /><testcase classname="tests.test_iter21_refactor_and_prefs.TestRefactorSmoke" name="test_rounds_router" time="0.105" /><testcase classname="tests.test_iter21_refactor_and_prefs.TestRefactorSmoke" name="test_users_router" time="0.626" /><testcase classname="tests.test_iter21_refactor_and_prefs.TestRefactorSmoke" name="test_courses_router" time="0.268" /><testcase classname="tests.test_iter21_refactor_and_prefs.TestRefactorSmoke" name="test_notifications_router" time="0.089" /><testcase classname="tests.test_iter21_refactor_and_prefs.TestRefactorSmoke" name="test_admin_router" time="0.643" /><testcase classname="tests.test_iter21_refactor_and_prefs.TestNotificationPrefs" name="test_me_returns_all_seven_keys_defaulting_to_true" time="0.102" /><testcase classname="tests.test_iter21_refactor_and_prefs.TestNotificationPrefs" name="test_login_returns_notification_prefs" time="0.318" /><testcase classname="tests.test_iter21_refactor_and_prefs.TestNotificationPrefs" name="test_register_returns_all_true_defaults" time="0.316" /><testcase classname="tests.test_iter21_refactor_and_prefs.TestNotificationPrefs" name="test_patch_me_partial_merge" time="0.653" /><testcase classname="tests.test_iter21_refactor_and_prefs.TestNotificationOptOut" name="test_post_like_respects_pref" time="1.552" /><testcase classname="tests.test_iter21_refactor_and_prefs.TestNotificationOptOut" name="test_follow_respects_pref" time="66.726" /><testcase classname="tests.test_iter21_refactor_and_prefs.TestNotificationOptOut" name="test_comment_like_respects_pref" time="1.615" /><testcase classname="tests.test_iter21_refactor_and_prefs.TestNotificationOptOut" name="test_achievement_unlocked_default_on" time="1.015" /><testcase classname="tests.test_iter21_refactor_and_prefs.TestNotificationOptOut" name="test_achievement_unlocked_opt_out" time="1.104" /><testcase classname="tests.test_iter21_refactor_and_prefs.TestAvgNormalization" name="test_9_hole_extrapolated_and_averaged_with_18" time="1.036" /></testsuite></testsuites>