<?xml version="1.0" encoding="utf-8"?><testsuites name="pytest tests"><testsuite name="pytest" errors="0" failures="0" skipped="0" tests="16" time="14.007" timestamp="2026-07-08T17:31:26.519985+00:00" hostname="agent-env-b817c040-4312-4d9c-9534-fade4d11af2f"><testcase classname="tests.test_iter22_email_auth_lockout.TestRegister" name="test_register_returns_tokens_and_unverified_user" time="0.424" /><testcase classname="tests.test_iter22_email_auth_lockout.TestVerifyEmail" name="test_valid_token_flips_flag" time="0.689" /><testcase classname="tests.test_iter22_email_auth_lockout.TestVerifyEmail" name="test_wrong_token_type_returns_400" time="0.599" /><testcase classname="tests.test_iter22_email_auth_lockout.TestVerifyEmail" name="test_tampered_token_returns_400" time="0.613" /><testcase classname="tests.test_iter22_email_auth_lockout.TestVerifyEmail" name="test_expired_token_returns_400" time="0.628" /><testcase classname="tests.test_iter22_email_auth_lockout.TestResendVerification" name="test_returns_200_for_unknown_email" time="0.108" /><testcase classname="tests.test_iter22_email_auth_lockout.TestResendVerification" name="test_returns_200_for_existing_unverified" time="0.605" /><testcase classname="tests.test_iter22_email_auth_lockout.TestRequestPasswordReset" name="test_returns_200_for_unknown_email" time="0.117" /><testcase classname="tests.test_iter22_email_auth_lockout.TestRequestPasswordReset" name="test_returns_200_for_existing" time="0.672" /><testcase classname="tests.test_iter22_email_auth_lockout.TestResetPassword" name="test_reset_flow_updates_password_and_unlocks" time="1.512" /><testcase classname="tests.test_iter22_email_auth_lockout.TestResetPassword" name="test_wrong_token_type_returns_400" time="0.648" /><testcase classname="tests.test_iter22_email_auth_lockout.TestLockout" name="test_lockout_after_10_failed_logins" time="3.859" /><testcase classname="tests.test_iter22_email_auth_lockout.TestLockout" name="test_sliding_window_resets_stale_failures" time="1.981" /><testcase classname="tests.test_iter22_email_auth_lockout.TestLegacyFlows" name="test_seeded_admin_login_and_me" time="0.442" /><testcase classname="tests.test_iter22_email_auth_lockout.TestLegacyFlows" name="test_feed_endpoint" time="0.371" /><testcase classname="tests.test_iter22_email_auth_lockout.TestLegacyFlows" name="test_notification_prefs_default" time="0.383" /></testsuite></testsuites>