<?xml version="1.0" encoding="utf-8"?><testsuites name="pytest tests"><testsuite name="pytest" errors="0" failures="0" skipped="0" tests="11" time="6.558" timestamp="2026-07-09T15:15:56.789521+00:00" hostname="agent-env-b817c040-4312-4d9c-9534-fade4d11af2f"><testcase classname="tests.test_iter23_google_auth.TestInvalidSession" name="test_bogus_session_id_returns_401" time="0.548" /><testcase classname="tests.test_iter23_google_auth.TestInvalidSession" name="test_too_short_session_id_returns_422" time="0.105" /><testcase classname="tests.test_iter23_google_auth.TestGoogleNewUser" name="test_new_user_created_with_google_provider" time="0.153" /><testcase classname="tests.test_iter23_google_auth.TestGoogleMerge" name="test_existing_user_merged_password_untouched" time="0.247" /><testcase classname="tests.test_iter23_google_auth.TestGoogleMerge" name="test_existing_user_fills_blank_display_name_and_avatar" time="0.227" /><testcase classname="tests.test_iter23_google_auth.TestGoogleUpstreamFailure" name="test_emergent_returns_401_maps_to_401" time="0.001" /><testcase classname="tests.test_iter23_google_auth.TestGoogleUpstreamFailure" name="test_emergent_returns_200_without_email_returns_400" time="0.001" /><testcase classname="tests.test_iter23_google_auth.TestLegacyFlowsRegression" name="test_seeded_admin_login_and_me" time="0.435" /><testcase classname="tests.test_iter23_google_auth.TestLegacyFlowsRegression" name="test_refresh_and_logout" time="0.527" /><testcase classname="tests.test_iter23_google_auth.TestLegacyFlowsRegression" name="test_forgot_and_reset_password_flow" time="0.871" /><testcase classname="tests.test_iter23_google_auth.TestLegacyFlowsRegression" name="test_lockout_still_triggers_after_10_failures" time="3.087" /></testsuite></testsuites>