<?xml version="1.0" encoding="utf-8"?><testsuites name="pytest tests"><testsuite name="pytest" errors="0" failures="1" skipped="0" tests="10" time="4.690" timestamp="2026-07-05T20:11:12.062051+00:00" hostname="agent-env-b817c040-4312-4d9c-9534-fade4d11af2f"><testcase classname="backend.tests.test_iter8_profile.TestProfileEditor" name="test_patch_me_updates_fields" time="0.992" /><testcase classname="backend.tests.test_iter8_profile.TestProfileEditor" name="test_patch_me_handicap_null_clears" time="0.625"><failure message="AssertionError: handicap should be cleared to null, got 9.9&#10;assert 9.9 in (None,)&#10; +  where 9.9 = &lt;built-in method get of dict object at 0xfa0eda3733c0&gt;('handicap')&#10; +    where &lt;built-in method get of dict object at 0xfa0eda3733c0&gt; = {'id': 'c7a16d32-5935-431a-99a5-24603e559938', 'email': 'reese@teebox.demo', 'display_name': 'Reese Callahan', 'home_course': 'Pebble Meadows GC', ...}.get">backend/tests/test_iter8_profile.py:85: in test_patch_me_handicap_null_clears
    assert g.get("handicap") in (None,), f"handicap should be cleared to null, got {g.get('handicap')!r}"
E   AssertionError: handicap should be cleared to null, got 9.9
E   assert 9.9 in (None,)
E    +  where 9.9 = &lt;built-in method get of dict object at 0xfa0eda3733c0&gt;('handicap')
E    +    where &lt;built-in method get of dict object at 0xfa0eda3733c0&gt; = {'id': 'c7a16d32-5935-431a-99a5-24603e559938', 'email': 'reese@teebox.demo', 'display_name': 'Reese Callahan', 'home_course': 'Pebble Meadows GC', ...}.get</failure></testcase><testcase classname="backend.tests.test_iter8_profile.TestProfileEditor" name="test_patch_me_oversized_avatar_returns_413" time="0.208" /><testcase classname="backend.tests.test_iter8_profile.TestPinRound" name="test_pin_own_round_and_reflect_in_profile" time="0.688" /><testcase classname="backend.tests.test_iter8_profile.TestPinRound" name="test_pin_non_owner_returns_403" time="0.693" /><testcase classname="backend.tests.test_iter8_profile.TestPinRound" name="test_pin_nonexistent_round_returns_404" time="0.098" /><testcase classname="backend.tests.test_iter8_profile.TestUserProfileStats" name="test_reese_stats" time="0.297" /><testcase classname="backend.tests.test_iter8_profile.TestFriendsEndpoint" name="test_reese_friends_content_and_sort" time="0.189" /><testcase classname="backend.tests.test_iter8_profile.TestFriendsEndpoint" name="test_friends_viewed_by_other" time="0.195" /><testcase classname="backend.tests.test_iter8_profile.TestPinAutoClear" name="test_deleted_pinned_round_autoclears" time="0.597" /></testsuite></testsuites>