<?xml version="1.0" encoding="utf-8"?><testsuites name="pytest tests"><testsuite name="pytest" errors="0" failures="1" skipped="0" tests="21" time="98.144" timestamp="2026-07-05T20:35:45.074559+00:00" hostname="agent-env-b817c040-4312-4d9c-9534-fade4d11af2f"><testcase classname="backend.tests.test_iter10_security_remediation.TestSEC102DisplayName" name="test_empty_display_name_422" time="0.649" /><testcase classname="backend.tests.test_iter10_security_remediation.TestSEC102DisplayName" name="test_null_display_name_no_clear" time="0.334"><failure message="AssertionError: display_name got cleared/null: None&#10;assert (False)&#10; +  where False = isinstance(None, str)">E   AssertionError: display_name got cleared/null: None
    assert (False)
     +  where False = isinstance(None, str)</failure></testcase><testcase classname="backend.tests.test_iter10_security_remediation.TestSEC102DisplayName" name="test_too_long_display_name_422" time="0.201" /><testcase classname="backend.tests.test_iter10_security_remediation.TestSEC102DisplayName" name="test_normal_display_name_ok" time="0.190" /><testcase classname="backend.tests.test_iter10_security_remediation.TestSEC102FriendsGuard" name="test_friends_survives_null_display_name" time="0.298" /><testcase classname="backend.tests.test_iter10_security_remediation.TestSEC102OtherCaps" name="test_bio_too_long_422" time="0.189" /><testcase classname="backend.tests.test_iter10_security_remediation.TestSEC102OtherCaps" name="test_handicap_high_422" time="0.230" /><testcase classname="backend.tests.test_iter10_security_remediation.TestSEC102OtherCaps" name="test_handicap_low_422" time="0.260" /><testcase classname="backend.tests.test_iter10_security_remediation.TestSEC102OtherCaps" name="test_home_course_too_long_422" time="0.202" /><testcase classname="backend.tests.test_iter10_security_remediation.TestSEC102OtherCaps" name="test_normal_values_ok" time="0.192" /><testcase classname="backend.tests.test_iter10_security_remediation.TestWishlistCap" name="test_cap_and_regressions" time="22.274" /><testcase classname="backend.tests.test_iter10_security_remediation.TestRefreshAtomic" name="test_concurrent_refresh_one_winner_family_revoked" time="0.678" /><testcase classname="backend.tests.test_iter10_security_remediation.TestRegressions" name="test_register_login" time="0.731" /><testcase classname="backend.tests.test_iter10_security_remediation.TestRegressions" name="test_refresh_happy_path" time="0.531" /><testcase classname="backend.tests.test_iter10_security_remediation.TestRegressions" name="test_logout" time="0.602" /><testcase classname="backend.tests.test_iter10_security_remediation.TestRegressions" name="test_friends_shape_and_sort" time="0.313" /><testcase classname="backend.tests.test_iter10_security_remediation.TestRegressions" name="test_user_profile_4stats" time="0.292" /><testcase classname="backend.tests.test_iter10_security_remediation.TestRegressions" name="test_pin_unpin_owner_only" time="68.764" /><testcase classname="backend.tests.test_iter10_security_remediation.TestRegressions" name="test_null_clears_iter6" time="0.230" /><testcase classname="backend.tests.test_iter10_security_remediation.TestRegressions" name="test_avatar_oversize_413" time="0.286" /><testcase classname="backend.tests.test_iter10_security_remediation.TestRegressions" name="test_wishlist_basic" time="0.510" /></testsuite></testsuites>