<?xml version="1.0" encoding="utf-8"?><testsuites name="pytest tests"><testsuite name="pytest" errors="0" failures="0" skipped="0" tests="16" time="6.861" timestamp="2026-07-05T20:17:06.979347+00:00" hostname="agent-env-b817c040-4312-4d9c-9534-fade4d11af2f"><testcase classname="tests.test_iter9_null_clears.TestPrimaryFixNullClear" name="test_null_handicap_clears_and_reset_restores" time="0.937" /><testcase classname="tests.test_iter9_null_clears.TestPrimaryFixNullClear" name="test_omit_handicap_does_not_touch_it" time="0.307" /><testcase classname="tests.test_iter9_null_clears.TestPrimaryFixNullClear" name="test_null_bio_clears" time="0.311" /><testcase classname="tests.test_iter9_null_clears.TestPrimaryFixNullClear" name="test_null_home_course_clears" time="0.342" /><testcase classname="tests.test_iter9_null_clears.TestPrimaryFixNullClear" name="test_null_avatar_clears" time="0.294" /><testcase classname="tests.test_iter9_null_clears.TestPrimaryFixNullClear" name="test_oversized_avatar_still_413" time="0.563" /><testcase classname="tests.test_iter8_profile.TestProfileEditor" name="test_patch_me_updates_fields" time="0.717" /><testcase classname="tests.test_iter8_profile.TestProfileEditor" name="test_patch_me_handicap_null_clears" time="0.499" /><testcase classname="tests.test_iter8_profile.TestProfileEditor" name="test_patch_me_oversized_avatar_returns_413" time="0.220" /><testcase classname="tests.test_iter8_profile.TestPinRound" name="test_pin_own_round_and_reflect_in_profile" time="0.573" /><testcase classname="tests.test_iter8_profile.TestPinRound" name="test_pin_non_owner_returns_403" time="0.662" /><testcase classname="tests.test_iter8_profile.TestPinRound" name="test_pin_nonexistent_round_returns_404" time="0.090" /><testcase classname="tests.test_iter8_profile.TestUserProfileStats" name="test_reese_stats" time="0.284" /><testcase classname="tests.test_iter8_profile.TestFriendsEndpoint" name="test_reese_friends_content_and_sort" time="0.195" /><testcase classname="tests.test_iter8_profile.TestFriendsEndpoint" name="test_friends_viewed_by_other" time="0.190" /><testcase classname="tests.test_iter8_profile.TestPinAutoClear" name="test_deleted_pinned_round_autoclears" time="0.599" /></testsuite></testsuites>