<?xml version="1.0" encoding="utf-8"?><testsuites name="pytest tests"><testsuite name="pytest" errors="0" failures="0" skipped="1" tests="36" time="7.679" timestamp="2026-07-07T14:13:11.656699+00:00" hostname="agent-env-b817c040-4312-4d9c-9534-fade4d11af2f"><testcase classname="tests.test_iter12_security_hardening.TestSEC001BootGuard" name="test_production_with_demo_seed_refuses_boot" time="0.400" /><testcase classname="tests.test_iter12_security_hardening.TestSEC001BootGuard" name="test_production_with_demo_admin_refuses_boot" time="0.403" /><testcase classname="tests.test_iter12_security_hardening.TestSEC001BootGuard" name="test_production_with_clean_config_boots" time="0.441" /><testcase classname="tests.test_iter12_security_hardening.TestSEC001BootGuard" name="test_development_with_demo_seed_boots" time="0.435" /><testcase classname="tests.test_iter12_security_hardening.TestSEC001BootGuard" name="test_default_app_env_is_dev" time="0.436" /><testcase classname="tests.test_iter12_security_hardening.TestSEC001BootGuard" name="test_running_backend_still_up" time="0.004" /><testcase classname="tests.test_iter12_security_hardening.TestSEC002ImportOsmLegacy" name="test_non_admin_gets_403" time="0.229" /><testcase classname="tests.test_iter12_security_hardening.TestSEC002ImportOsmLegacy" name="test_second_non_admin_also_403" time="0.229" /><testcase classname="tests.test_iter12_security_hardening.TestSEC002ImportOsmLegacy" name="test_unauthenticated_401" time="0.002" /><testcase classname="tests.test_iter12_security_hardening.TestSEC002ImportOsmLegacy" name="test_admin_with_valid_bbox_succeeds" time="3.895" /><testcase classname="tests.test_iter12_security_hardening.TestSEC002ImportOsmLegacy" name="test_admin_invalid_bbox_400" time="0.003" /><testcase classname="tests.test_iter12_security_hardening.TestSEC002ImportOsmLegacy" name="test_admin_hits_10_per_hour_limit" time="0.022" /><testcase classname="tests.test_iter12_security_hardening.TestRateLimits" name="test_courses_search_returns_results_under_limit" time="0.003" /><testcase classname="tests.test_iter12_security_hardening.TestRateLimits" name="test_courses_search_120_per_min_holds_first_60" time="0.439" /><testcase classname="tests.test_iter12_security_hardening.TestRateLimits" name="test_discover_nearby_normal_use_works" time="0.004" /><testcase classname="tests.test_iter12_security_hardening.TestRateLimits" name="test_discover_nearby_30_per_min_trips" time="0.071" /><testcase classname="tests.test_iter12_security_hardening.TestRateLimits" name="test_notifications_normal_use_works" time="0.004" /><testcase classname="tests.test_iter12_security_hardening.TestRateLimits" name="test_notifications_60_per_min_trips" time="0.136" /><testcase classname="tests.test_iter12_security_hardening.TestRegression" name="test_login_returns_is_admin_true_for_reese" time="0.000" /><testcase classname="tests.test_iter12_security_hardening.TestRegression" name="test_login_is_admin_false_for_jordan" time="0.000" /><testcase classname="tests.test_iter12_security_hardening.TestRegression" name="test_refresh_rotation" time="0.006" /><testcase classname="tests.test_iter12_security_hardening.TestRegression" name="test_register_new_user" time="0.225" /><testcase classname="tests.test_iter12_security_hardening.TestRegression" name="test_feed" time="0.007" /><testcase classname="tests.test_iter12_security_hardening.TestRegression" name="test_rounds_list_for_user" time="0.004" /><testcase classname="tests.test_iter12_security_hardening.TestRegression" name="test_discover_users" time="0.009" /><testcase classname="tests.test_iter12_security_hardening.TestRegression" name="test_discover_courses" time="0.046" /><testcase classname="tests.test_iter12_security_hardening.TestRegression" name="test_notifications_list_and_mark_read" time="0.007" /><testcase classname="tests.test_iter12_security_hardening.TestRegression" name="test_course_search_and_submission" time="0.016" /><testcase classname="tests.test_iter12_security_hardening.TestRegression" name="test_admin_courses_stats" time="0.014" /><testcase classname="tests.test_iter12_security_hardening.TestRegression" name="test_admin_courses_stats_non_admin_403" time="0.003" /><testcase classname="tests.test_iter12_security_hardening.TestPositiveControls" name="test_notifications_are_user_scoped" time="0.005"><skipped type="pytest.skip" message="Sam has no notifications to cross-test with; scope test not applicable.">/app/backend/tests/test_iter12_security_hardening.py:518: Sam has no notifications to cross-test with; scope test not applicable.</skipped></testcase><testcase classname="tests.test_iter12_security_hardening.TestPositiveControls" name="test_lat_out_of_range_422" time="0.003" /><testcase classname="tests.test_iter12_security_hardening.TestPositiveControls" name="test_lng_out_of_range_422" time="0.003" /><testcase classname="tests.test_iter12_security_hardening.TestPositiveControls" name="test_regex_injection_escaped" time="0.008" /><testcase classname="tests.test_iter12_security_hardening.TestPositiveControls" name="test_base64_avatar_cap_enforced" time="0.009" /><testcase classname="tests.test_iter12_security_hardening" name="test_zz_cleanup_test_users" time="0.076" /></testsuite></testsuites>