<?xml version="1.0" encoding="utf-8"?><testsuites name="pytest tests"><testsuite name="pytest" errors="0" failures="0" skipped="0" tests="12" time="1.516" timestamp="2026-08-13T13:25:07.934900+00:00" hostname="agent-env-9e1f9a2f-b8b7-42e8-94a9-c8da3d2ddce2"><testcase classname="backend.tests.test_iter30_recent_features.TestLocationFirstSort" name="test_discover_courses_no_location" time="0.467" /><testcase classname="backend.tests.test_iter30_recent_features.TestLocationFirstSort" name="test_discover_courses_with_location_sorted" time="0.065" /><testcase classname="backend.tests.test_iter30_recent_features.TestLocationFirstSort" name="test_courses_search_location_sorted" time="0.066" /><testcase classname="backend.tests.test_iter30_recent_features.TestNearby" name="test_nearby_returns_results_sorted" time="0.082" /><testcase classname="backend.tests.test_iter30_recent_features.TestNearby" name="test_nearby_validation" time="0.057" /><testcase classname="backend.tests.test_iter30_recent_features.TestCourseDetail" name="test_pebble_beach_detail" time="0.090" /><testcase classname="backend.tests.test_iter30_recent_features.TestCourseDetail" name="test_white_pines_no_collision" time="0.058" /><testcase classname="backend.tests.test_iter30_recent_features.TestExtrapolation" name="test_profile_avg_extrapolated" time="0.062" /><testcase classname="backend.tests.test_iter30_recent_features.TestNineHoleRound" name="test_create_9hole_round_front" time="0.115" /><testcase classname="backend.tests.test_iter30_recent_features.TestNineHoleRound" name="test_create_9hole_round_back" time="0.119" /><testcase classname="backend.tests.test_iter30_recent_features.TestNineHoleRound" name="test_invalid_nine_rejected" time="0.063" /><testcase classname="backend.tests.test_iter30_recent_features.TestHomeCourseToggle" name="test_set_and_clear_home_course" time="0.205" /></testsuite></testsuites>