<?xml version="1.0" encoding="utf-8"?><testsuites name="pytest tests"><testsuite name="pytest" errors="0" failures="1" skipped="0" tests="18" time="7.183" timestamp="2026-07-14T01:05:07.469406+00:00" hostname="agent-env-b817c040-4312-4d9c-9534-fade4d11af2f"><testcase classname="backend.tests.test_iter26_post_types_edit.TestPostTypes" name="test_round_post_still_works_and_returns_new_achievements" time="0.826" /><testcase classname="backend.tests.test_iter26_post_types_edit.TestPostTypes" name="test_round_missing_score_returns_422" time="0.149" /><testcase classname="backend.tests.test_iter26_post_types_edit.TestPostTypes" name="test_round_missing_course_returns_422" time="0.133" /><testcase classname="backend.tests.test_iter26_post_types_edit.TestPostTypes" name="test_text_post_with_notes_only" time="0.269" /><testcase classname="backend.tests.test_iter26_post_types_edit.TestPostTypes" name="test_text_post_empty_returns_422" time="0.101" /><testcase classname="backend.tests.test_iter26_post_types_edit.TestPostTypes" name="test_lfg_post_preserves_fields_on_get" time="0.413" /><testcase classname="backend.tests.test_iter26_post_types_edit.TestRoundEdit" name="test_author_can_edit_notes_course_score" time="0.307" /><testcase classname="backend.tests.test_iter26_post_types_edit.TestRoundEdit" name="test_non_author_cannot_edit" time="0.662" /><testcase classname="backend.tests.test_iter26_post_types_edit.TestRoundEdit" name="test_unknown_round_404" time="0.104" /><testcase classname="backend.tests.test_iter26_post_types_edit.TestCommentEdit" name="test_author_can_edit_comment" time="0.454" /><testcase classname="backend.tests.test_iter26_post_types_edit.TestCommentEdit" name="test_non_author_cannot_edit_comment" time="0.465" /><testcase classname="backend.tests.test_iter26_post_types_edit.TestCommentEdit" name="test_author_can_delete_comment_non_author_cannot" time="0.717" /><testcase classname="backend.tests.test_iter26_post_types_edit.TestCoursesPlayed" name="test_courses_played_shape_and_sort" time="1.039" /><testcase classname="backend.tests.test_iter26_post_types_edit.TestCoursesPlayed" name="test_courses_played_empty_for_fresh_user" time="0.435" /><testcase classname="backend.tests.test_iter26_post_types_edit.TestCoursesPlayed" name="test_user_courses_played_count_excludes_non_round_posts" time="0.694"><failure message="AssertionError: courses_played changed after text/lfg posts: 0 -&gt; 2. Expected round-type-only aggregation.&#10;assert (2 == 0 or 2 == 0)">backend/tests/test_iter26_post_types_edit.py:280: in test_user_courses_played_count_excludes_non_round_posts
    assert cp_after == cp_before or cp_after == cp_before, (
E   AssertionError: courses_played changed after text/lfg posts: 0 -&gt; 2. Expected round-type-only aggregation.
E   assert (2 == 0 or 2 == 0)</failure></testcase><testcase classname="backend.tests.test_iter26_post_types_edit.TestRegression" name="test_feed_still_works" time="0.099" /><testcase classname="backend.tests.test_iter26_post_types_edit.TestRegression" name="test_me_endpoint" time="0.100" /><testcase classname="backend.tests.test_iter26_post_types_edit.TestRegression" name="test_notifications_endpoint" time="0.097" /></testsuite></testsuites>