<?xml version="1.0" encoding="utf-8"?><testsuites name="pytest tests"><testsuite name="pytest" errors="0" failures="0" skipped="0" tests="11" time="2.514" timestamp="2026-08-13T11:58:50.315532+00:00" hostname="agent-env-9e1f9a2f-b8b7-42e8-94a9-c8da3d2ddce2"><testcase classname="backend.tests.test_iter28_collision_fix_and_nine.TestWhitePinesCollisionFix" name="test_white_pines_is_swanton_ohio_not_massachusetts" time="0.522" /><testcase classname="backend.tests.test_iter28_collision_fix_and_nine.TestWhitePinesCollisionFix" name="test_white_pines_website_phone_match_swanton_course" time="0.070" /><testcase classname="backend.tests.test_iter28_collision_fix_and_nine.TestRegressionEnrichment" name="test_pebble_beach_golf_links_still_enriched" time="0.064" /><testcase classname="backend.tests.test_iter28_collision_fix_and_nine.TestRegressionEnrichment" name="test_bandon_dunes_golf_resort_still_enriched" time="0.071" /><testcase classname="backend.tests.test_iter28_collision_fix_and_nine.TestRoundNineField" name="test_create_round_18_holes_nine_forced_none" time="0.064" /><testcase classname="backend.tests.test_iter28_collision_fix_and_nine.TestRoundNineField" name="test_create_round_9_holes_front_nine_persists" time="0.139" /><testcase classname="backend.tests.test_iter28_collision_fix_and_nine.TestRoundNineField" name="test_update_round_nine_to_back" time="0.197" /><testcase classname="backend.tests.test_iter28_collision_fix_and_nine.TestRoundNineField" name="test_invalid_nine_value_rejected" time="0.570" /><testcase classname="backend.tests.test_iter28_collision_fix_and_nine.TestLfgCourseOptional" name="test_lfg_without_course_succeeds" time="0.074" /><testcase classname="backend.tests.test_iter28_collision_fix_and_nine.TestLfgCourseOptional" name="test_lfg_with_course_persists_course_name" time="0.134" /><testcase classname="backend.tests.test_iter28_collision_fix_and_nine.TestLfgCourseOptional" name="test_lfg_empty_notes_and_no_photos_rejected" time="0.528" /></testsuite></testsuites>