<?xml version="1.0" encoding="utf-8"?><testsuites name="pytest tests"><testsuite name="pytest" errors="0" failures="0" skipped="0" tests="11" time="2.626" timestamp="2026-07-08T12:20:13.689115+00:00" hostname="agent-env-b817c040-4312-4d9c-9534-fade4d11af2f"><testcase classname="backend.tests.test_iter19_mentions.TestUserByName" name="test_underscore_variant_resolves" time="0.602" /><testcase classname="backend.tests.test_iter19_mentions.TestUserByName" name="test_space_variant_resolves" time="0.147" /><testcase classname="backend.tests.test_iter19_mentions.TestUserByName" name="test_case_insensitive" time="0.097" /><testcase classname="backend.tests.test_iter19_mentions.TestUserByName" name="test_both_variants_same_user" time="0.268" /><testcase classname="backend.tests.test_iter19_mentions.TestUserByName" name="test_nonexistent_returns_404" time="0.093" /><testcase classname="backend.tests.test_iter19_mentions.TestUserByName" name="test_unauthenticated_returns_401" time="0.124" /><testcase classname="backend.tests.test_iter19_mentions.TestUserByName" name="test_response_shape" time="0.134" /><testcase classname="backend.tests.test_iter19_mentions.TestRegression" name="test_login_works" time="0.314" /><testcase classname="backend.tests.test_iter19_mentions.TestRegression" name="test_feed_loads" time="0.102" /><testcase classname="backend.tests.test_iter19_mentions.TestRegression" name="test_discover_users" time="0.092" /><testcase classname="backend.tests.test_iter19_mentions.TestRegression" name="test_log_round_and_achievements" time="0.584" /></testsuite></testsuites>