<?xml version="1.0" encoding="utf-8"?><testsuites name="pytest tests"><testsuite name="pytest" errors="0" failures="0" skipped="0" tests="24" time="137.025" timestamp="2026-07-05T20:46:34.352456+00:00" hostname="agent-env-b817c040-4312-4d9c-9534-fade4d11af2f"><testcase classname="backend.tests.test_iter11_sec_remediation.TestSEC102DisplayName" name="test_null_returns_422_and_unchanged" time="0.863" /><testcase classname="backend.tests.test_iter11_sec_remediation.TestSEC102DisplayName" name="test_empty_string_returns_422" time="0.446" /><testcase classname="backend.tests.test_iter11_sec_remediation.TestSEC102DisplayName" name="test_whitespace_only_returns_422" time="0.422" /><testcase classname="backend.tests.test_iter11_sec_remediation.TestSEC102DisplayName" name="test_whitespace_padded_is_trimmed" time="0.292" /><testcase classname="backend.tests.test_iter11_sec_remediation.TestSEC102DisplayName" name="test_omit_key_does_not_touch" time="0.316" /><testcase classname="backend.tests.test_iter11_sec_remediation.TestSEC102DisplayName" name="test_valid_new_name_ok" time="0.197" /><testcase classname="backend.tests.test_iter11_sec_remediation.TestSEC108Concurrent" name="test_concurrent_refresh_no_orphan[0]" time="8.574" /><testcase classname="backend.tests.test_iter11_sec_remediation.TestSEC108Concurrent" name="test_concurrent_refresh_no_orphan[1]" time="8.697" /><testcase classname="backend.tests.test_iter11_sec_remediation.TestSEC108Concurrent" name="test_concurrent_refresh_no_orphan[2]" time="8.691" /><testcase classname="backend.tests.test_iter11_sec_remediation.TestSEC108Concurrent" name="test_concurrent_refresh_no_orphan[3]" time="8.681" /><testcase classname="backend.tests.test_iter11_sec_remediation.TestSEC108Concurrent" name="test_concurrent_refresh_no_orphan[4]" time="8.712" /><testcase classname="backend.tests.test_iter11_sec_remediation.TestSEC108Concurrent" name="test_concurrent_refresh_no_orphan[5]" time="8.586" /><testcase classname="backend.tests.test_iter11_sec_remediation.TestSEC108Concurrent" name="test_concurrent_refresh_no_orphan[6]" time="8.712" /><testcase classname="backend.tests.test_iter11_sec_remediation.TestSEC108Concurrent" name="test_concurrent_refresh_no_orphan[7]" time="8.701" /><testcase classname="backend.tests.test_iter11_sec_remediation.TestSEC108Concurrent" name="test_concurrent_refresh_no_orphan[8]" time="8.689" /><testcase classname="backend.tests.test_iter11_sec_remediation.TestSEC108Concurrent" name="test_concurrent_refresh_no_orphan[9]" time="8.550" /><testcase classname="backend.tests.test_iter11_sec_remediation.TestRegressions" name="test_register_login" time="28.815" /><testcase classname="backend.tests.test_iter11_sec_remediation.TestRegressions" name="test_refresh_happy_path" time="0.556" /><testcase classname="backend.tests.test_iter11_sec_remediation.TestRegressions" name="test_logout_revokes_refresh" time="8.671" /><testcase classname="backend.tests.test_iter11_sec_remediation.TestRegressions" name="test_null_clear_handicap_bio" time="0.192" /><testcase classname="backend.tests.test_iter11_sec_remediation.TestRegressions" name="test_avatar_oversize_413" time="0.311" /><testcase classname="backend.tests.test_iter11_sec_remediation.TestRegressions" name="test_friends_shape" time="0.294" /><testcase classname="backend.tests.test_iter11_sec_remediation.TestRegressions" name="test_wishlist_add_dup_delete" time="0.388" /><testcase classname="backend.tests.test_iter11_sec_remediation" name="test_zz_final_restore_reese" time="8.539" /></testsuite></testsuites>