<?xml version="1.0" encoding="utf-8"?><testsuites name="pytest tests"><testsuite name="pytest" errors="0" failures="0" skipped="0" tests="15" time="3.913" timestamp="2026-07-04T22:56:16.919817+00:00" hostname="agent-env-b817c040-4312-4d9c-9534-fade4d11af2f"><testcase classname="backend.tests.test_teebox_api" name="test_health" time="0.160" /><testcase classname="backend.tests.test_teebox_api" name="test_register_new_and_duplicate" time="0.484" /><testcase classname="backend.tests.test_teebox_api" name="test_login_demo" time="0.319" /><testcase classname="backend.tests.test_teebox_api" name="test_me_returns_user_no_sensitive" time="0.101" /><testcase classname="backend.tests.test_teebox_api" name="test_unauthenticated_endpoints_401" time="0.438" /><testcase classname="backend.tests.test_teebox_api" name="test_feed_has_expected_fields" time="0.133" /><testcase classname="backend.tests.test_teebox_api" name="test_get_round" time="0.249" /><testcase classname="backend.tests.test_teebox_api" name="test_delete_forbidden_for_non_owner" time="0.413" /><testcase classname="backend.tests.test_teebox_api" name="test_like_toggle" time="0.213" /><testcase classname="backend.tests.test_teebox_api" name="test_add_and_get_comment" time="0.245" /><testcase classname="backend.tests.test_teebox_api" name="test_user_profile_fields" time="0.143" /><testcase classname="backend.tests.test_teebox_api" name="test_follow_toggle_and_self" time="0.495" /><testcase classname="backend.tests.test_teebox_api" name="test_discover_users_excludes_self" time="0.106" /><testcase classname="backend.tests.test_teebox_api" name="test_discover_courses_aggregates" time="0.118" /><testcase classname="backend.tests.test_teebox_api" name="test_course_review_create_and_list" time="0.217" /></testsuite></testsuites>