<?xml version="1.0" encoding="utf-8"?><testsuites name="pytest tests"><testsuite name="pytest" errors="0" failures="1" skipped="0" tests="22" time="7.953" timestamp="2026-07-05T00:01:13.664109+00:00" hostname="agent-env-b817c040-4312-4d9c-9534-fade4d11af2f"><testcase classname="backend.tests.test_iter2" name="test_seed_demo_users_and_mutual_follows" time="1.006" /><testcase classname="backend.tests.test_iter2" name="test_feed_followers_scope_isolated" time="1.387" /><testcase classname="backend.tests.test_iter2" name="test_feed_scope_all_returns_more" time="0.266" /><testcase classname="backend.tests.test_iter2" name="test_course_rounds_endpoint" time="0.225" /><testcase classname="backend.tests.test_iter2" name="test_hole_scores_and_pars_roundtrip" time="0.214" /><testcase classname="backend.tests.test_iter2" name="test_comments_with_mentions" time="0.413" /><testcase classname="backend.tests.test_iter2" name="test_achievements_computation_new_user" time="0.859" /><testcase classname="backend.tests.test_teebox_api" name="test_health" time="0.099" /><testcase classname="backend.tests.test_teebox_api" name="test_register_new_and_duplicate" time="0.464" /><testcase classname="backend.tests.test_teebox_api" name="test_login_demo" time="0.321" /><testcase classname="backend.tests.test_teebox_api" name="test_me_returns_user_no_sensitive" time="0.131" /><testcase classname="backend.tests.test_teebox_api" name="test_unauthenticated_endpoints_401" time="0.404" /><testcase classname="backend.tests.test_teebox_api" name="test_feed_has_expected_fields" time="0.117" /><testcase classname="backend.tests.test_teebox_api" name="test_get_round" time="0.190" /><testcase classname="backend.tests.test_teebox_api" name="test_delete_forbidden_for_non_owner" time="0.423" /><testcase classname="backend.tests.test_teebox_api" name="test_like_toggle" time="0.217" /><testcase classname="backend.tests.test_teebox_api" name="test_add_and_get_comment" time="0.191" /><testcase classname="backend.tests.test_teebox_api" name="test_user_profile_fields" time="0.100" /><testcase classname="backend.tests.test_teebox_api" name="test_follow_toggle_and_self" time="0.299"><failure message="assert False is True">backend/tests/test_teebox_api.py:153: in test_follow_toggle_and_self
    assert r1.json()["following"] is True
E   assert False is True</failure></testcase><testcase classname="backend.tests.test_teebox_api" name="test_discover_users_excludes_self" time="0.106" /><testcase classname="backend.tests.test_teebox_api" name="test_discover_courses_aggregates" time="0.145" /><testcase classname="backend.tests.test_teebox_api" name="test_course_review_create_and_list" time="0.214" /></testsuite></testsuites>